SF:lib/core/database/database_helper.dart
DA:8,1
DA:9,1
DA:11,1
DA:16,1
DA:19,1
DA:20,1
LF:6
LH:6
end_of_record
SF:lib/feature/notes/data/datasource/note_local_datasource.dart
DA:176,1
DA:192,1
DA:193,2
DA:200,1
DA:201,2
DA:203,1
DA:208,1
DA:209,2
DA:211,1
DA:213,2
DA:218,1
DA:219,2
DA:222,1
DA:227,1
DA:228,2
DA:232,1
DA:236,1
DA:237,1
DA:240,3
DA:241,1
LF:20
LH:20
end_of_record
SF:lib/feature/notes/data/models/notes.dart
DA:11,5
DA:21,5
DA:33,10
DA:35,10
DA:37,10
DA:39,6
DA:41,10
DA:42,4
DA:44,5
DA:45,5
DA:47,1
DA:50,2
DA:52,1
DA:56,1
DA:59,2
DA:61,1
DA:65,1
DA:68,1
DA:69,1
DA:71,1
DA:75,1
DA:77,1
DA:81,2
DA:83,2
DA:85,2
DA:86,4
DA:89,4
DA:90,4
DA:91,4
DA:92,4
DA:93,4
DA:99,2
DA:103,4
DA:104,4
DA:105,4
DA:106,4
DA:107,4
DA:108,4
LF:38
LH:38
end_of_record
SF:lib/feature/notes/data/note_repositories_imp.dart
DA:11,1
DA:13,1
DA:15,1
DA:16,1
DA:17,1
DA:18,1
DA:19,1
DA:22,1
DA:24,2
DA:27,1
DA:29,2
DA:31,2
DA:32,1
DA:33,1
DA:34,1
DA:35,1
DA:36,1
DA:37,1
DA:39,1
DA:42,1
DA:44,1
DA:45,1
DA:46,1
DA:47,1
DA:48,1
DA:49,1
DA:52,1
DA:54,2
DA:57,1
DA:59,2
LF:30
LH:30
end_of_record
SF:lib/feature/notes/domain/entities/note.dart
DA:9,2
LF:1
LH:1
end_of_record
SF:lib/core/app_navigation.dart
DA:6,1
DA:10,1
DA:12,1
DA:13,1
DA:19,1
DA:23,1
DA:25,1
DA:26,1
DA:32,3
DA:33,3
LF:10
LH:10
end_of_record
SF:lib/feature/notes/domain/usecases.dart
DA:9,1
DA:11,1
DA:12,2
DA:21,1
DA:23,1
DA:24,2
DA:33,1
DA:35,1
DA:36,2
LF:9
LH:9
end_of_record
SF:lib/feature/notes/presentation/pages/add_edit_note_page.dart
DA:20,2
DA:26,2
DA:27,2
DA:40,2
DA:42,2
DA:44,2
DA:45,2
DA:46,6
DA:49,2
DA:50,2
DA:52,6
DA:56,2
DA:58,2
DA:59,6
DA:63,2
DA:66,4
DA:68,4
DA:70,2
DA:74,2
DA:76,4
DA:79,4
DA:82,2
DA:84,1
DA:85,1
DA:97,2
DA:98,2
DA:102,2
DA:106,2
DA:108,2
DA:109,2
DA:116,2
DA:117,4
DA:120,4
DA:122,2
DA:123,6
DA:125,2
DA:127,2
DA:128,2
DA:134,2
DA:136,2
DA:138,2
DA:139,2
DA:146,2
DA:148,2
DA:150,2
DA:156,4
DA:162,0
DA:163,0
DA:169,0
DA:171,0
DA:179,1
DA:181,2
DA:187,3
DA:188,3
DA:191,1
DA:193,1
DA:198,2
DA:204,0
DA:205,0
DA:211,0
DA:213,0
DA:220,2
DA:224,4
DA:226,2
DA:230,2
DA:236,0
DA:239,2
DA:241,2
DA:246,2
DA:257,2
DA:259,0
DA:260,0
DA:270,2
DA:275,2
DA:277,2
DA:280,2
DA:283,2
DA:285,0
DA:287,0
DA:289,0
DA:299,2
DA:304,2
DA:312,2
DA:319,2
DA:326,2
DA:328,2
DA:331,2
DA:333,2
DA:340,2
DA:345,2
DA:351,2
DA:353,2
DA:361,2
LF:93
LH:79
end_of_record
SF:lib/core/utils/priority_helper.dart
DA:6,9
DA:12,2
DA:18,2
DA:21,1
DA:30,2
DA:36,2
DA:42,1
DA:57,2
DA:63,2
DA:64,4
DA:66,2
DA:67,4
DA:70,0
DA:75,2
DA:81,2
DA:84,2
DA:93,2
DA:98,2
DA:99,2
DA:102,2
DA:103,2
LF:21
LH:20
end_of_record
SF:lib/feature/notes/presentation/widgets/note_button.dart
DA:8,3
DA:15,3
DA:17,3
DA:18,3
DA:19,3
DA:23,3
DA:24,6
LF:7
LH:7
end_of_record
SF:lib/feature/notes/presentation/widgets/note_dropdown.dart
DA:11,3
DA:17,3
DA:20,3
DA:22,3
DA:24,3
DA:25,3
DA:27,3
DA:32,3
DA:33,6
DA:35,3
DA:37,3
DA:40,3
DA:42,3
LF:13
LH:13
end_of_record
SF:lib/feature/notes/presentation/widgets/note_textfield.dart
DA:9,3
DA:16,3
DA:19,3
DA:20,3
DA:21,3
DA:23,3
DA:24,3
DA:26,3
DA:27,3
LF:9
LH:9
end_of_record
SF:lib/core/services/crashlytics_service.dart
DA:4,2
DA:6,0
DA:10,0
DA:16,0
DA:17,0
LF:5
LH:1
end_of_record
SF:lib/feature/notes/presentation/pages/notes_list_page.dart
DA:15,1
DA:21,1
DA:22,1
DA:45,1
DA:47,1
DA:49,3
DA:51,1
DA:52,2
DA:54,1
DA:61,1
DA:64,2
DA:66,1
DA:68,2
DA:69,1
DA:70,2
DA:74,2
DA:79,1
DA:81,1
DA:82,1
DA:89,1
DA:95,2
DA:97,1
DA:98,1
DA:100,1
DA:105,1
DA:109,2
DA:114,1
DA:116,1
DA:145,1
DA:148,1
DA:149,1
DA:179,1
DA:180,1
DA:181,0
DA:182,0
DA:193,2
DA:199,1
DA:200,2
DA:201,1
DA:204,2
DA:206,1
DA:208,1
DA:211,1
DA:215,1
DA:219,1
DA:222,1
DA:226,1
DA:228,1
DA:229,1
DA:230,1
DA:233,1
DA:238,1
DA:239,1
DA:244,0
DA:245,0
DA:250,0
DA:252,0
DA:260,1
DA:261,1
DA:263,1
DA:272,1
DA:276,1
DA:280,1
DA:282,1
DA:283,1
DA:284,1
DA:286,1
DA:291,1
DA:292,1
DA:297,0
DA:298,0
DA:303,0
DA:305,0
LF:73
LH:63
end_of_record
SF:lib/feature/notes/presentation/widgets/note_tile.dart
DA:13,2
DA:23,2
DA:25,2
DA:26,2
DA:27,2
DA:30,2
DA:31,2
DA:32,2
DA:34,2
DA:35,2
DA:40,4
DA:43,4
DA:46,2
DA:48,2
DA:49,2
DA:50,4
DA:53,4
DA:58,2
DA:59,2
LF:19
LH:19
end_of_record
